[2026-06-26 17:35:11] [INFO] Создаю клиент Telegram бота...
[2026-06-26 17:35:18] [INFO] Клиент бота создан успешно
[2026-06-26 17:35:18] [INFO] Бот запущен и ожидает команды /start
[2026-06-26 17:35:18] [INFO] Бот: @antiseach_bot
[2026-06-26 17:35:18] [INFO] Админ ID: 1913718956
[2026-06-26 17:35:18] [INFO] База данных создана
[2026-06-26 17:35:18] [INFO] Папка для зеркал создана
[2026-06-26 17:35:18] [INFO] Подключение к Telegram...
[2026-06-26 17:35:25] [INFO] Пользователь #Aмнезия | @kapolam (ID: 1913718956) запустил бота
[2026-06-26 17:35:35] [INFO] Пользователь 1913718956 нажал кнопку: 📞 Номер
[2026-06-26 17:35:40] [INFO] [HTMLWEB] Запрос для номера: 79581883743
[2026-06-26 17:35:42] [INFO] [HTMLWEB] Успешно: Калуга, ПАО "Ростелеком"
[2026-06-26 17:35:42] [INFO] [VK API] Поиск профилей по запросу: 79581883743
[2026-06-26 17:35:43] [ERROR] [VK API] Ошибка: Application authorization failed: method is unavailable with service token.
[2026-06-26 17:35:43] [INFO] [LEAKCHECK] Проверка: 79581883743
[2026-06-26 17:35:44] [INFO] [LEAKCHECK] Утечки не найдены
[2026-06-26 17:35:44] [INFO] [SEARCH BOT] Начинаю пробив номера: 79581883743
[2026-06-26 17:35:45] [INFO] [SEARCH BOT] Клиент запущен
[2026-06-26 17:35:45] [INFO] [SEARCH BOT] Отправлен /start
[2026-06-26 17:35:47] [INFO] [SEARCH BOT] Найдены кнопки, нажимаю первую
[2026-06-26 17:36:03] [INFO] [SEARCH BOT] Найдено подменю, нажимаю первую кнопку
[2026-06-26 17:36:20] [INFO] [SEARCH BOT] Отправлен номер: 79581883743
[2026-06-26 17:36:24] [INFO] [SEARCH BOT] Получен результат
[2026-06-26 17:36:24] [INFO] [SEARCH BOT] Клиент отключён
[2026-06-26 17:36:24] [INFO] Данные сохранены в базу: 79581883743
[2026-06-26 17:36:24] [INFO] Пробив номера 79581883743 завершён успешно
[2026-06-26 17:39:13] [INFO] Создаю клиент Telegram бота...
[2026-06-26 17:39:20] [INFO] Клиент бота создан успешно
[2026-06-26 17:39:20] [INFO] Бот запущен и ожидает команды /start
[2026-06-26 17:39:20] [INFO] Бот: @antiseach_bot
[2026-06-26 17:39:20] [INFO] Админ ID: 1913718956
[2026-06-26 17:39:20] [INFO] Подключение к Telegram...
[2026-06-26 17:39:24] [INFO] Пользователь #Aмнезия | @kapolam (ID: 1913718956) запустил бота
[2026-06-26 17:39:25] [INFO] Пользователь 1913718956 нажал кнопку: 📞 Номер
[2026-06-26 17:39:30] [INFO] [HTMLWEB] Запрос для номера: 79581883743
[2026-06-26 17:39:31] [INFO] [HTMLWEB] Успешно: Калуга, ПАО "Ростелеком"
[2026-06-26 17:39:31] [INFO] [VK API] Поиск профилей по запросу: 79581883743
[2026-06-26 17:39:31] [ERROR] [VK API] Ошибка: Application authorization failed: method is unavailable with service token.
[2026-06-26 17:39:31] [INFO] [LEAKCHECK] Проверка: 79581883743
[2026-06-26 17:39:32] [INFO] [LEAKCHECK] Утечки не найдены
[2026-06-26 17:39:32] [INFO] [SEARCH BOT] Начинаю пробив номера: 79581883743
[2026-06-26 17:39:33] [INFO] [SEARCH BOT] Клиент запущен
[2026-06-26 17:39:34] [INFO] [SEARCH BOT] Отправлен /start
[2026-06-26 17:39:35] [INFO] [SEARCH BOT] Найдены кнопки, нажимаю первую
[2026-06-26 17:39:41] [ERROR] [SEARCH BOT] Ошибка: Encrypted data invalid (caused by GetBotCallbackAnswerRequest)
[2026-06-26 17:39:41] [INFO] [SEARCH BOT] Клиент отключён
[2026-06-26 17:39:41] [INFO] Данные сохранены в базу: 79581883743
[2026-06-26 17:39:41] [INFO] Пробив номера 79581883743 завершён успешно
[2026-06-26 17:40:07] [INFO] Создаю клиент Telegram бота...
[2026-06-26 17:40:13] [INFO] Клиент бота создан успешно
[2026-06-26 17:40:13] [INFO] Бот запущен и ожидает команды /start
[2026-06-26 17:40:13] [INFO] Бот: @antiseach_bot
[2026-06-26 17:40:13] [INFO] Админ ID: 1913718956
[2026-06-26 17:40:13] [INFO] Подключение к Telegram...
[2026-06-26 17:40:17] [INFO] Пользователь 1913718956 нажал кнопку: 🔙 Отмена
[2026-06-26 17:40:19] [INFO] Пользователь 1913718956 нажал кнопку: 📞 Номер
[2026-06-26 17:40:23] [INFO] [HTMLWEB] Запрос для номера: 79581883743
[2026-06-26 17:40:24] [INFO] [HTMLWEB] Успешно: Калуга, ПАО "Ростелеком"
[2026-06-26 17:40:25] [INFO] [VK API] Поиск профилей по запросу: 79581883743
[2026-06-26 17:40:25] [ERROR] [VK API] Ошибка: Application authorization failed: method is unavailable with service token.
[2026-06-26 17:40:25] [INFO] [LEAKCHECK] Проверка: 79581883743
[2026-06-26 17:40:25] [INFO] [LEAKCHECK] Утечки не найдены
[2026-06-26 17:40:26] [INFO] [SEARCH BOT] Начинаю пробив номера: 79581883743
[2026-06-26 17:42:50] [INFO] Создаю клиент Telegram бота...
[2026-06-26 17:42:56] [INFO] Клиент бота создан успешно
[2026-06-26 17:42:56] [INFO] Бот запущен и ожидает команды /start
[2026-06-26 17:42:56] [INFO] Бот: @antiseach_bot
[2026-06-26 17:42:56] [INFO] Админ ID: 1913718956
[2026-06-26 17:42:57] [INFO] Подключение к Telegram...
[2026-06-26 17:43:29] [INFO] Пользователь 1913718956 нажал кнопку: 🔙 Отмена
[2026-06-26 17:43:30] [INFO] Пользователь 1913718956 нажал кнопку: 🤖 Зеркало
[2026-06-26 17:43:56] [INFO] Зеркало сохранено: @Oeososksn_bot
[2026-06-26 17:43:56] [INFO] Скрипт зеркала создан: /storage/emulated/0/Download/DIX_MIRRORS/mirror_Oeososksn_bot.py
[2026-06-26 17:43:56] [INFO] Зеркало создано: @Oeososksn_bot
[2026-06-26 17:44:22] [INFO] Пользователь 1913718956 нажал кнопку: 🔙 Отмена
[2026-06-26 17:44:25] [INFO] Пользователь 1913718956 нажал кнопку: 📞 Номер
[2026-06-26 17:44:32] [INFO] [HTMLWEB] Запрос для номера: 79581883743
[2026-06-26 17:44:33] [INFO] [HTMLWEB] Успешно: Калуга, ПАО "Ростелеком"
[2026-06-26 17:44:34] [INFO] [VK API] Поиск профилей по запросу: 79581883743
[2026-06-26 17:44:34] [ERROR] [VK API] Ошибка: Application authorization failed: method is unavailable with service token.
[2026-06-26 17:44:34] [INFO] [LEAKCHECK] Проверка: 79581883743
[2026-06-26 17:44:35] [INFO] [LEAKCHECK] Утечки не найдены
[2026-06-26 17:44:35] [INFO] [SEARCH BOT] Начинаю пробив номера: 79581883743
[2026-06-26 17:44:55] [INFO] [SEARCH BOT] Клиент запущен
[2026-06-26 17:44:55] [INFO] [SEARCH BOT] Отправлен /start
[2026-06-26 17:44:57] [INFO] [SEARCH BOT] Найдены кнопки, нажимаю первую
[2026-06-26 17:45:13] [INFO] [SEARCH BOT] Найдено подменю, нажимаю первую кнопку
[2026-06-26 17:45:29] [INFO] [SEARCH BOT] Отправлен номер: 79581883743
[2026-06-26 17:45:33] [INFO] [SEARCH BOT] Получен результат
[2026-06-26 17:45:33] [INFO] [SEARCH BOT] Клиент отключён
[2026-06-26 17:45:34] [INFO] Данные сохранены в базу: 79581883743
[2026-06-26 17:45:34] [INFO] Пробив номера 79581883743 завершён успешно
[2026-06-26 17:47:09] [INFO] Создаю клиент Telegram бота...
[2026-06-26 17:47:16] [INFO] Клиент бота создан успешно
[2026-06-26 17:47:16] [INFO] Бот запущен и ожидает команды /start
[2026-06-26 17:47:16] [INFO] Бот: @antiseach_bot
[2026-06-26 17:47:16] [INFO] Админ ID: 1913718956
[2026-06-26 17:47:16] [INFO] Подключение к Telegram...
[2026-06-26 17:48:46] [INFO] Создаю клиент Telegram бота...
[2026-06-26 17:48:52] [INFO] Клиент бота создан успешно
[2026-06-26 17:48:52] [INFO] Бот запущен и ожидает команды /start
[2026-06-26 17:48:52] [INFO] Бот: @antiseach_bot
[2026-06-26 17:48:52] [INFO] Админ ID: 1913718956
[2026-06-26 17:48:52] [INFO] Найдено зеркал: 1. Запускаю...
[2026-06-26 17:48:52] [INFO] Зеркало @Oeososksn_bot запущено
[2026-06-26 17:48:52] [INFO] Все зеркала запущены
[2026-06-26 17:48:52] [INFO] Подключение к Telegram...
[2026-06-26 17:48:54] [INFO] Создаю клиент Telegram бота...
[2026-06-26 17:49:10] [INFO] Пользователь 1913718956 нажал кнопку: 🔙 Отмена
[2026-06-26 17:49:12] [INFO] Пользователь 1913718956 нажал кнопку: 🤖 Зеркало
[2026-06-26 17:49:23] [INFO] Зеркало сохранено: @Oeososksn_bot
[2026-06-26 17:49:23] [INFO] Скрипт зеркала создан: /storage/emulated/0/Download/DIX_MIRRORS/mirror_Oeososksn_bot.py
[2026-06-26 17:49:24] [INFO] Зеркало создано: @Oeososksn_bot
[2026-06-26 17:51:50] [INFO] Создаю клиент Telegram бота...
[2026-06-26 17:51:52] [INFO] Клиент бота создан успешно
[2026-06-26 17:51:52] [INFO] Бот запущен и ожидает команды /start
[2026-06-26 17:51:52] [INFO] Бот: @antiseach_bot
[2026-06-26 17:51:52] [INFO] Админ ID: 1913718956
[2026-06-26 17:51:52] [INFO] Найдено зеркал: 1. Запускаю...
[2026-06-26 17:51:52] [INFO] Зеркало @Oeososksn_bot запущено
[2026-06-26 17:51:52] [INFO] Все зеркала запущены
[2026-06-26 17:51:52] [INFO] Подключение к Telegram...
[2026-06-26 17:51:54] [INFO] Создаю клиент Telegram бота...
[2026-06-26 17:51:59] [INFO] Пользователь #Aмнезия | @kapolam (ID: 1913718956) запустил бота
[2026-06-26 17:52:01] [INFO] Пользователь 1913718956 нажал кнопку: 🤖 Зеркало
[2026-06-26 17:52:14] [INFO] Зеркало сохранено: @Oeososksn_bot
[2026-06-26 17:52:14] [INFO] Скрипт зеркала создан: /storage/emulated/0/Download/DIX_MIRRORS/mirror_Oeososksn_bot.py
[2026-06-26 17:52:14] [INFO] Зеркало @Oeososksn_bot запущено сразу после создания
[2026-06-26 17:52:14] [INFO] Зеркало создано: @Oeososksn_bot
[2026-06-26 17:52:17] [INFO] Создаю клиент Telegram бота...
[2026-06-26 17:52:17] [INFO] Создаю клиент Telegram бота...
[2026-06-26 17:53:31] [INFO] Создаю клиент Telegram бота...
[2026-06-26 17:53:38] [INFO] Клиент бота создан успешно
[2026-06-26 17:53:38] [INFO] Бот запущен и ожидает команды /start
[2026-06-26 17:53:38] [INFO] Бот: @antiseach_bot
[2026-06-26 17:53:38] [INFO] Админ ID: 1913718956
[2026-06-26 17:53:38] [INFO] Найдено зеркал: 1. Запускаю...
[2026-06-26 17:53:38] [INFO] Зеркало @Oeososksn_bot запущено
[2026-06-26 17:53:38] [INFO] Все зеркала запущены
[2026-06-26 17:53:38] [INFO] Подключение к Telegram...
[2026-06-26 17:53:40] [INFO] Создаю клиент Telegram бота...
[2026-06-26 17:54:09] [INFO] Создаю клиент Telegram бота...
[2026-06-26 17:54:17] [INFO] Клиент бота создан успешно
[2026-06-26 17:54:17] [INFO] Бот запущен и ожидает команды /start
[2026-06-26 17:54:17] [INFO] Бот: @antiseach_bot
[2026-06-26 17:54:17] [INFO] Админ ID: 1913718956
[2026-06-26 17:54:17] [INFO] Найдено зеркал: 1
[2026-06-26 17:54:17] [INFO] ✅ Зеркало @Oeososksn_bot запущено
[2026-06-26 17:54:17] [INFO] Все зеркала подключены и работают
[2026-06-26 17:54:17] [INFO] Подключение к Telegram...
[2026-06-26 17:54:19] [INFO] Создаю клиент Telegram бота...
[2026-06-26 17:54:23] [INFO] Пользователь 1913718956 нажал кнопку: 🔙 Отмена
[2026-06-26 17:54:24] [INFO] Пользователь 1913718956 нажал кнопку: 📊 Статистика
[2026-06-26 17:54:29] [INFO] Пользователь 1913718956 нажал кнопку: 🛡 Админ панель
[2026-06-26 17:54:31] [INFO] Пользователь 1913718956 нажал кнопку: 📊 Статистика бота
[2026-06-26 17:54:33] [INFO] Пользователь 1913718956 нажал кнопку: 👥 Пользователи
[2026-06-26 17:54:34] [INFO] Пользователь 1913718956 нажал кнопку: 🔄 Перезапуск
[2026-06-26 17:54:34] [INFO] Перезапуск бота через админ-панель...
[2026-06-26 17:54:37] [INFO] Создаю клиент Telegram бота...
[2026-06-26 17:54:38] [INFO] Клиент бота создан успешно
[2026-06-26 17:54:38] [INFO] Бот запущен и ожидает команды /start
[2026-06-26 17:54:38] [INFO] Бот: @antiseach_bot
[2026-06-26 17:54:38] [INFO] Админ ID: 1913718956
[2026-06-26 17:54:38] [INFO] Найдено зеркал: 1
[2026-06-26 17:54:38] [INFO] ✅ Зеркало @Oeososksn_bot запущено
[2026-06-26 17:54:38] [INFO] Все зеркала подключены и работают
[2026-06-26 17:54:38] [INFO] Подключение к Telegram...
[2026-06-26 17:54:43] [INFO] Создаю клиент Telegram бота...
[2026-06-26 17:55:13] [INFO] Пользователь 1913718956 нажал кнопку: 🔙 В меню
[2026-06-26 17:55:15] [INFO] Пользователь 1913718956 нажал кнопку: 📞 Номер
[2026-06-26 17:55:22] [INFO] [HTMLWEB] Запрос для номера: 79581883743
[2026-06-26 17:55:23] [INFO] [HTMLWEB] Успешно: Калуга, ПАО "Ростелеком"
[2026-06-26 17:55:23] [INFO] [VK API] Поиск профилей по запросу: 79581883743
[2026-06-26 17:55:24] [ERROR] [VK API] Ошибка: Application authorization failed: method is unavailable with service token.
[2026-06-26 17:55:24] [INFO] [LEAKCHECK] Проверка: 79581883743
[2026-06-26 17:55:24] [INFO] [LEAKCHECK] Утечки не найдены
[2026-06-26 17:55:24] [INFO] [SEARCH BOT] Начинаю пробив номера: 79581883743
[2026-06-26 17:55:26] [INFO] [SEARCH BOT] Клиент запущен
[2026-06-26 17:55:26] [INFO] [SEARCH BOT] Отправлен /start
[2026-06-26 17:55:28] [INFO] [SEARCH BOT] Найдены кнопки, нажимаю первую
[2026-06-26 17:55:44] [INFO] [SEARCH BOT] Найдено подменю, нажимаю первую кнопку
[2026-06-26 17:56:00] [INFO] [SEARCH BOT] Отправлен номер: 79581883743
[2026-06-26 17:56:04] [INFO] [SEARCH BOT] Получен результат
[2026-06-26 17:56:04] [INFO] [SEARCH BOT] Клиент отключён
[2026-06-26 17:56:04] [INFO] Данные сохранены в базу: 79581883743
[2026-06-26 17:56:05] [INFO] Пробив номера 79581883743 завершён успешно
[2026-06-26 17:56:24] [INFO] Пользователь 1913718956 нажал кнопку: 🔙 Отмена
[2026-06-26 17:56:25] [INFO] Пользователь 1913718956 нажал кнопку: 📊 Статистика
[2026-06-26 17:56:30] [INFO] Пользователь 1913718956 нажал кнопку: 🤖 Зеркало
[2026-06-26 17:56:45] [INFO] Зеркало сохранено: @Oeososksn_bot
[2026-06-26 17:56:46] [INFO] Скрипт зеркала создан: /storage/emulated/0/Download/DIX_MIRRORS/mirror_Oeososksn_bot.py
[2026-06-26 17:56:46] [INFO] Зеркало @Oeososksn_bot запущено и работает
[2026-06-26 17:56:46] [INFO] Зеркало создано: @Oeososksn_bot
[2026-06-26 17:56:50] [INFO] Создаю клиент Telegram бота...
[2026-06-26 17:56:50] [INFO] Создаю клиент Telegram бота...
[2026-06-26 17:56:55] [INFO] Пользователь 1913718956 нажал кнопку: 🔙 Отмена
[2026-06-26 17:56:57] [INFO] Пользователь 1913718956 нажал кнопку: 🔍 VK
[2026-06-26 17:56:58] [INFO] Пользователь 1913718956 нажал кнопку: 🔙 Отмена
[2026-06-26 17:57:01] [INFO] Пользователь 1913718956 нажал кнопку: ℹ️ О боте
[2026-06-26 17:58:24] [INFO] Создаю клиент Telegram бота...
[2026-06-26 18:01:41] [INFO] Создаю клиент Telegram бота...
[2026-06-26 18:09:22] [INFO] Создаю клиент Telegram бота...
[2026-06-26 18:09:31] [INFO] Клиент бота создан успешно
[2026-06-26 18:09:31] [INFO] Бот запущен и ожидает команды /start
[2026-06-26 18:09:31] [INFO] Бот: @antiseach_bot
[2026-06-26 18:09:31] [INFO] Админ ID: 1913718956
[2026-06-26 18:09:31] [INFO] Найдено зеркал: 1
[2026-06-26 18:09:31] [INFO] ✅ Зеркало @Oeososksn_bot запущено
[2026-06-26 18:09:31] [INFO] Все зеркала подключены и работают
[2026-06-26 18:09:31] [INFO] Подключение к Telegram...
[2026-06-26 18:09:39] [INFO] Создаю клиент Telegram бота...
[2026-06-26 18:30:22] [INFO] Создаю клиент Telegram бота...
[2026-06-26 18:30:33] [INFO] Клиент бота создан успешно
[2026-06-26 18:30:33] [INFO] Бот запущен и ожидает команды /start
[2026-06-26 18:30:33] [INFO] Бот: @antiseach_bot
[2026-06-26 18:30:33] [INFO] Админ ID: 1913718956
[2026-06-26 18:30:33] [INFO] Найдено зеркал: 1
[2026-06-26 18:30:33] [INFO] ✅ Зеркало @Oeososksn_bot запущено
[2026-06-26 18:30:33] [INFO] Все зеркала подключены и работают
[2026-06-26 18:30:33] [INFO] Подключение к Telegram...
[2026-06-26 18:30:36] [INFO] Создаю клиент Telegram бота...
[2026-06-26 18:30:44] [INFO] Пользователь чᴇᴋ (ID: 8489049804) запустил бота
[2026-06-26 18:30:50] [INFO] Пользователь 8489049804 нажал кнопку: 📞 Номер
[2026-06-26 18:31:00] [INFO] [HTMLWEB] Запрос для номера: 79774112712
[2026-06-26 18:31:01] [INFO] [HTMLWEB] Успешно: Неизвестно, Неизвестно
[2026-06-26 18:31:02] [INFO] [VK API] Поиск профилей по запросу: 79774112712
[2026-06-26 18:31:02] [ERROR] [VK API] Ошибка: Application authorization failed: method is unavailable with service token.
[2026-06-26 18:31:02] [INFO] [LEAKCHECK] Проверка: 79774112712
[2026-06-26 18:31:04] [INFO] [LEAKCHECK] Утечки не найдены
[2026-06-26 18:31:05] [INFO] [SEARCH BOT] Начинаю пробив номера: 79774112712
[2026-06-26 18:31:06] [INFO] [SEARCH BOT] Клиент запущен
[2026-06-26 18:31:06] [INFO] [SEARCH BOT] Отправлен /start
[2026-06-26 18:31:08] [INFO] [SEARCH BOT] Найдены кнопки, нажимаю первую
[2026-06-26 18:31:24] [INFO] [SEARCH BOT] Найдено подменю, нажимаю первую кнопку
[2026-06-26 18:31:40] [INFO] [SEARCH BOT] Отправлен номер: 79774112712
[2026-06-26 18:31:44] [INFO] [SEARCH BOT] Получен результат
[2026-06-26 18:31:44] [INFO] [SEARCH BOT] Клиент отключён
[2026-06-26 18:31:44] [INFO] Данные сохранены в базу: 79774112712
[2026-06-26 18:31:45] [INFO] Пробив номера 79774112712 завершён успешно
[2026-06-26 18:34:59] [INFO] Пользователь чᴇᴋ (ID: 8489049804) запустил бота
[2026-06-26 18:35:05] [INFO] Пользователь 8489049804 нажал кнопку: 📧 Email
[2026-06-26 18:35:20] [INFO] [LEAKCHECK] Проверка: martaserega70@gmail.com
[2026-06-26 18:35:21] [INFO] [LEAKCHECK] Утечки не найдены
[2026-06-26 18:36:19] [INFO] Пользователь 8489049804 нажал кнопку: 🔙 Отмена
[2026-06-26 18:36:22] [INFO] Пользователь 8489049804 нажал кнопку: 🔍 VK
[2026-06-26 18:36:31] [INFO] [VK API] Поиск профилей по запросу: 711304715
[2026-06-26 18:36:32] [ERROR] [VK API] Ошибка: Application authorization failed: method is unavailable with service token.
[2026-06-26 18:37:02] [INFO] Пользователь чᴇᴋ (ID: 8489049804) запустил бота
[2026-06-26 18:37:07] [INFO] Пользователь 8489049804 нажал кнопку: 🔍 VK
[2026-06-26 18:37:11] [INFO] [VK API] Поиск профилей по запросу: 711304715 Сергей Черкасов
[2026-06-26 18:37:47] [INFO] Создаю клиент Telegram бота...
[2026-06-26 18:37:58] [INFO] Клиент бота создан успешно
[2026-06-26 18:37:58] [INFO] Бот запущен и ожидает команды /start
[2026-06-26 18:37:58] [INFO] Бот: @antiseach_bot
[2026-06-26 18:37:58] [INFO] Админ ID: 1913718956
[2026-06-26 18:37:58] [INFO] Найдено зеркал: 1
[2026-06-26 18:37:58] [INFO] ✅ Зеркало @Oeososksn_bot запущено
[2026-06-26 18:37:58] [INFO] Все зеркала подключены и работают
[2026-06-26 18:37:58] [INFO] Подключение к Telegram...
[2026-06-26 18:38:00] [INFO] Создаю клиент Telegram бота...
[2026-06-26 18:38:06] [INFO] Пользователь чᴇᴋ (ID: 8489049804) запустил бота
[2026-06-26 18:38:08] [INFO] Пользователь 8489049804 нажал кнопку: 📞 Номер
[2026-06-26 18:38:24] [INFO] [HTMLWEB] Запрос для номера: 79774112712
[2026-06-26 18:38:24] [INFO] [HTMLWEB] Успешно: Неизвестно, Неизвестно
[2026-06-26 18:38:25] [INFO] [VK API] Поиск профилей по запросу: 79774112712
[2026-06-26 18:38:25] [ERROR] [VK API] Ошибка: Application authorization failed: method is unavailable with service token.
[2026-06-26 18:38:25] [INFO] [LEAKCHECK] Проверка: 79774112712
[2026-06-26 18:38:27] [INFO] [LEAKCHECK] Утечки не найдены
[2026-06-26 18:38:27] [INFO] [SEARCH BOT] Начинаю пробив номера: 79774112712
[2026-06-26 18:38:28] [INFO] [SEARCH BOT] Клиент запущен
[2026-06-26 18:38:29] [INFO] [SEARCH BOT] Отправлен /start
[2026-06-26 18:38:30] [INFO] [SEARCH BOT] Найдены кнопки, нажимаю первую
[2026-06-26 18:38:47] [INFO] [SEARCH BOT] Найдено подменю, нажимаю первую кнопку
[2026-06-26 18:39:02] [INFO] [SEARCH BOT] Отправлен номер: 79774112712
[2026-06-26 18:39:07] [INFO] [SEARCH BOT] Получен результат
[2026-06-26 18:39:07] [INFO] [SEARCH BOT] Клиент отключён
[2026-06-26 18:39:07] [INFO] Данные сохранены в базу: 79774112712
[2026-06-26 18:39:07] [INFO] Пробив номера 79774112712 завершён успешно
[2026-06-26 18:41:29] [INFO] Пользователь чᴇᴋ (ID: 8489049804) запустил бота
[2026-06-26 18:41:42] [INFO] Пользователь 8489049804 нажал кнопку: 📧 Email
[2026-06-26 18:41:56] [INFO] [LEAKCHECK] Проверка: martaserega70@gmail.com
[2026-06-26 18:41:57] [INFO] [LEAKCHECK] Утечки не найдены
[2026-06-26 18:42:08] [INFO] Пользователь чᴇᴋ (ID: 8489049804) запустил бота
[2026-06-26 18:42:20] [INFO] Пользователь 8489049804 нажал кнопку: 🌐 IP
[2026-06-26 18:42:39] [INFO] [IPINFO] Проверка IP: 176.101.4.22
[2026-06-26 18:42:40] [INFO] [IPINFO] Город: Yevpatoriya
[2026-06-26 18:42:41] [INFO] [SHODAN] Запрос для IP: 176.101.4.22
[2026-06-26 18:42:41] [INFO] [SHODAN] Ответ получен
[2026-06-26 18:45:00] [INFO] Пользователь чᴇᴋ (ID: 8489049804) запустил бота
[2026-06-26 18:48:02] [INFO] Создаю клиент Telegram бота...
[2026-06-26 18:48:05] [INFO] Клиент бота создан успешно
[2026-06-26 18:48:05] [INFO] Бот запущен и ожидает команды /start
[2026-06-26 18:48:05] [INFO] Бот: @antiseach_bot
[2026-06-26 18:48:05] [INFO] Админ ID: 1913718956
[2026-06-26 18:48:05] [INFO] Найдено зеркал: 1
[2026-06-26 18:48:05] [INFO] ✅ Зеркало @Oeososksn_bot запущено
[2026-06-26 18:48:05] [INFO] Все зеркала подключены и работают
[2026-06-26 18:48:05] [INFO] Подключение к Telegram...
[2026-06-26 18:48:08] [INFO] Создаю клиент Telegram бота...
[2026-06-26 18:48:10] [INFO] Пользователь чᴇᴋ (ID: 8489049804) запустил бота
[2026-06-26 18:48:12] [INFO] Пользователь 8489049804 нажал кнопку: 📞 Номер
[2026-06-26 18:48:17] [INFO] [HTMLWEB] Запрос для номера: 79044233253
[2026-06-26 18:48:17] [INFO] [HTMLWEB] Успешно: Неизвестно, Неизвестно
[2026-06-26 18:48:18] [INFO] [VK API] Поиск профилей по запросу: 79044233253
[2026-06-26 18:48:19] [ERROR] [VK API] Ошибка: Application authorization failed: method is unavailable with service token.
[2026-06-26 18:48:19] [INFO] [LEAKCHECK] Проверка: 79044233253
[2026-06-26 18:48:20] [INFO] [LEAKCHECK] Утечки не найдены
[2026-06-26 18:48:21] [INFO] [SEARCH BOT] Начинаю пробив номера: 79044233253
[2026-06-26 18:48:22] [INFO] [SEARCH BOT] Клиент запущен
[2026-06-26 18:48:22] [INFO] [SEARCH BOT] Отправлен /start
[2026-06-26 18:48:24] [INFO] [SEARCH BOT] Найдены кнопки, нажимаю первую
[2026-06-26 18:48:41] [INFO] [SEARCH BOT] Найдено подменю, нажимаю первую кнопку
[2026-06-26 18:48:57] [INFO] [SEARCH BOT] Отправлен номер: 79044233253
[2026-06-26 18:49:01] [INFO] [SEARCH BOT] Получен результат
[2026-06-26 18:49:01] [INFO] [SEARCH BOT] Клиент отключён
[2026-06-26 18:49:01] [INFO] Данные сохранены в базу: 79044233253
[2026-06-26 18:49:01] [INFO] Пробив номера 79044233253 завершён успешно
[2026-06-26 18:51:59] [INFO] Создаю клиент Telegram бота...
[2026-06-26 18:52:11] [INFO] Клиент бота создан успешно
[2026-06-26 18:52:11] [INFO] Бот запущен и ожидает команды /start
[2026-06-26 18:52:11] [INFO] Бот: @antiseach_bot
[2026-06-26 18:52:11] [INFO] Админ ID: 1913718956
[2026-06-26 18:52:11] [INFO] Найдено зеркал: 1
[2026-06-26 18:52:11] [INFO] ✅ Зеркало @Oeososksn_bot запущено
[2026-06-26 18:52:11] [INFO] Все зеркала подключены и работают
[2026-06-26 18:52:11] [INFO] Подключение к Telegram...
[2026-06-26 18:52:14] [INFO] Создаю клиент Telegram бота...
[2026-06-26 18:52:49] [INFO] Пользователь чᴇᴋ (ID: 8489049804) запустил бота
[2026-06-26 18:52:51] [INFO] Пользователь 8489049804 нажал кнопку: 📞 Номер
[2026-06-26 18:52:56] [INFO] [HTMLWEB] Запрос для номера: 79044233253
[2026-06-26 18:52:56] [INFO] [HTMLWEB] Успешно: Неизвестно, Неизвестно
[2026-06-26 18:52:57] [INFO] [VK API] Поиск профилей по запросу: 79044233253
[2026-06-26 18:52:57] [ERROR] [VK API] Ошибка: Application authorization failed: method is unavailable with service token.
[2026-06-26 18:52:57] [INFO] [LEAKCHECK] Проверка: 79044233253
[2026-06-26 18:52:58] [INFO] [LEAKCHECK] Утечки не найдены
[2026-06-26 18:52:59] [INFO] [SEARCH BOT] Начинаю пробив номера: 79044233253
[2026-06-26 18:53:00] [INFO] [SEARCH BOT] Клиент запущен
[2026-06-26 18:53:00] [INFO] [SEARCH BOT] Отправлен /start
[2026-06-26 18:53:02] [INFO] [SEARCH BOT] Найдены кнопки, нажимаю первую
[2026-06-26 18:53:08] [INFO] Пользователь #Aмнезия | @kapolam (ID: 1913718956) запустил бота
[2026-06-26 18:53:11] [INFO] Пользователь 1913718956 нажал кнопку: 🛡 Админ панель
[2026-06-26 18:53:15] [INFO] Пользователь 1913718956 нажал кнопку: 📋 База данных
[2026-06-26 18:53:18] [INFO] [SEARCH BOT] Найдено подменю, нажимаю первую кнопку
[2026-06-26 18:53:25] [INFO] Пользователь 1913718956 нажал кнопку: ⚡ Белый список
[2026-06-26 18:53:34] [INFO] [SEARCH BOT] Отправлен номер: 79044233253
[2026-06-26 18:53:38] [INFO] [SEARCH BOT] Получен результат
[2026-06-26 18:53:38] [INFO] [SEARCH BOT] Клиент отключён
[2026-06-26 18:53:38] [INFO] Данные сохранены в базу: 79044233253
[2026-06-26 18:53:40] [INFO] Пробив номера 79044233253 завершён успешно
[2026-06-26 18:59:13] [INFO] Создаю клиент Telegram бота...
[2026-06-26 18:59:16] [INFO] Клиент бота создан успешно
[2026-06-26 18:59:16] [INFO] Бот запущен и ожидает команды /start
[2026-06-26 18:59:16] [INFO] Бот: @antiseach_bot
[2026-06-26 18:59:16] [INFO] Админ ID: 1913718956
[2026-06-26 18:59:16] [INFO] Найдено зеркал: 1
[2026-06-26 18:59:16] [INFO] ✅ Зеркало @Oeososksn_bot запущено
[2026-06-26 18:59:16] [INFO] Все зеркала подключены и работают
[2026-06-26 18:59:16] [INFO] Подключение к Telegram...
[2026-06-26 18:59:18] [INFO] Создаю клиент Telegram бота...
[2026-06-26 18:59:23] [INFO] Пользователь чᴇᴋ (ID: 8489049804) запустил бота
[2026-06-26 18:59:25] [INFO] Пользователь 8489049804 нажал кнопку: 📞 Номер
[2026-06-26 18:59:30] [INFO] [HTMLWEB] Запрос для номера: 79258294644
[2026-06-26 18:59:30] [INFO] [HTMLWEB] Успешно: Неизвестно, Неизвестно
[2026-06-26 18:59:31] [INFO] [VK API] Поиск профилей по запросу: 79258294644
[2026-06-26 18:59:31] [ERROR] [VK API] Ошибка: Application authorization failed: method is unavailable with service token.
[2026-06-26 18:59:31] [INFO] [LEAKCHECK] Проверка: 79258294644
[2026-06-26 18:59:33] [INFO] [LEAKCHECK] Утечки не найдены
[2026-06-26 18:59:33] [INFO] [SEARCH BOT] Начинаю пробив номера: 79258294644
[2026-06-26 18:59:34] [INFO] [SEARCH BOT] Клиент запущен
[2026-06-26 18:59:35] [INFO] [SEARCH BOT] Отправлен /start
[2026-06-26 18:59:36] [INFO] [SEARCH BOT] Найдены кнопки, нажимаю первую
[2026-06-26 18:59:53] [INFO] [SEARCH BOT] Найдено подменю, нажимаю первую кнопку
[2026-06-26 19:00:09] [INFO] [SEARCH BOT] Отправлен номер: 79258294644
[2026-06-26 19:00:13] [INFO] [SEARCH BOT] Получен результат
[2026-06-26 19:00:13] [INFO] [SEARCH BOT] Клиент отключён
[2026-06-26 19:00:13] [INFO] Данные сохранены в базу: 79258294644
[2026-06-26 19:00:13] [INFO] Пробив номера 79258294644 завершён успешно
[2026-06-26 19:00:24] [INFO] Пользователь #Aмнезия | @kapolam (ID: 1913718956) запустил бота
[2026-06-26 19:00:29] [INFO] Пользователь #Aмнезия | @kapolam (ID: 1913718956) запустил бота
[2026-06-26 19:00:31] [INFO] Пользователь 1913718956 нажал кнопку: 📞 Номер
[2026-06-26 19:00:36] [INFO] [HTMLWEB] Запрос для номера: 79044233253
[2026-06-26 19:00:36] [INFO] [HTMLWEB] Успешно: Неизвестно, Неизвестно
[2026-06-26 19:00:37] [INFO] [VK API] Поиск профилей по запросу: 79044233253
[2026-06-26 19:00:37] [ERROR] [VK API] Ошибка: Application authorization failed: method is unavailable with service token.
[2026-06-26 19:00:37] [INFO] [LEAKCHECK] Проверка: 79044233253
[2026-06-26 19:00:38] [INFO] [LEAKCHECK] Утечки не найдены
[2026-06-26 19:00:39] [INFO] [SEARCH BOT] Начинаю пробив номера: 79044233253
[2026-06-26 19:00:40] [INFO] [SEARCH BOT] Клиент запущен
[2026-06-26 19:00:41] [INFO] [SEARCH BOT] Отправлен /start
[2026-06-26 19:00:42] [INFO] [SEARCH BOT] Найдены кнопки, нажимаю первую
[2026-06-26 19:00:59] [INFO] [SEARCH BOT] Найдено подменю, нажимаю первую кнопку
[2026-06-26 19:01:15] [INFO] [SEARCH BOT] Отправлен номер: 79044233253
[2026-06-26 19:01:19] [INFO] [SEARCH BOT] Получен результат
[2026-06-26 19:01:19] [INFO] [SEARCH BOT] Клиент отключён
[2026-06-26 19:01:19] [INFO] Данные сохранены в базу: 79044233253
[2026-06-26 19:01:20] [INFO] Пробив номера 79044233253 завершён успешно
[2026-06-26 19:25:21] [INFO] Создаю клиент Telegram бота...
[2026-06-26 19:25:22] [INFO] Клиент бота создан успешно
[2026-06-26 19:25:22] [INFO] Бот запущен и ожидает команды /start
[2026-06-26 19:25:22] [INFO] Бот: @antiseach_bot
[2026-06-26 19:25:22] [INFO] Админ ID: 1913718956
[2026-06-26 19:25:22] [INFO] Найдено зеркал: 1
[2026-06-26 19:25:22] [INFO] ✅ Зеркало @Oeososksn_bot запущено
[2026-06-26 19:25:22] [INFO] Все зеркала подключены и работают
[2026-06-26 19:25:22] [INFO] Подключение к Telegram...
[2026-06-26 19:25:24] [INFO] Создаю клиент Telegram бота...
[2026-06-28 23:55:08] [INFO] Создаю клиент Telegram бота...
[2026-06-29 00:00:29] [INFO] Создаю клиент Telegram бота...
[2026-06-29 00:01:20] [INFO] Создаю клиент Telegram бота...
[2026-06-29 00:03:24] [INFO] Создаю клиент Telegram бота...
[2026-06-29 00:04:26] [INFO] Создаю клиент Telegram бота...
[2026-06-29 00:05:44] [INFO] Создаю клиент Telegram бота...
[2026-06-29 21:44:05] [INFO] Создаю клиент Telegram бота...
[2026-06-29 21:46:18] [INFO] Создаю клиент Telegram бота...
[2026-06-29 21:47:34] [INFO] Создаю клиент Telegram бота...
[2026-06-29 21:50:09] [INFO] Создаю клиент Telegram бота...
[2026-06-29 21:57:49] [INFO] Создаю клиент Telegram бота...
[2026-06-29 22:06:19] [INFO] Создаю клиент Telegram бота...
[2026-06-29 22:09:36] [INFO] Создаю клиент Telegram бота...
[2026-06-29 22:12:37] [INFO] Создаю клиент Telegram бота...
