[2026-06-29 23:42:11] [INFO] Создаю клиент Telegram бота...
[2026-06-29 23:42:22] [INFO] Бот успешно запущен через Tor
[2026-06-29 23:42:22] [INFO] Прокси: SOCKS5 127.0.0.1:9050
[2026-06-29 23:42:22] [INFO] Бот запущен
[2026-06-29 23:42:22] [INFO] Забанено: 0, Замьючено: 0
[2026-06-29 23:43:20] [INFO] Создаю клиент Telegram бота...
[2026-06-29 23:43:32] [INFO] Бот успешно запущен через Tor
[2026-06-29 23:43:32] [INFO] Прокси: SOCKS5 127.0.0.1:9050
[2026-06-29 23:43:32] [INFO] Бот запущен
[2026-06-29 23:43:32] [INFO] Забанено: 0, Замьючено: 0
[2026-06-29 23:44:56] [INFO] Создаю клиент Telegram бота...
[2026-06-29 23:45:06] [INFO] Бот успешно запущен через Tor
[2026-06-29 23:45:06] [INFO] Прокси: SOCKS5 127.0.0.1:9050
[2026-06-29 23:45:06] [INFO] Бот запущен
[2026-06-29 23:45:06] [INFO] Забанено: 0, Замьючено: 0
[2026-06-29 23:45:49] [INFO] Создаю клиент Telegram бота...
[2026-06-29 23:46:00] [INFO] Бот успешно запущен через Tor
[2026-06-29 23:46:00] [INFO] Прокси: SOCKS5 127.0.0.1:9050
[2026-06-29 23:46:00] [INFO] Бот запущен
[2026-06-29 23:46:00] [INFO] Забанено: 0, Замьючено: 0
[2026-06-29 23:46:50] [INFO] Создаю клиент Telegram бота...
[2026-06-29 23:47:00] [INFO] Бот успешно запущен через Tor
[2026-06-29 23:47:00] [INFO] Прокси: SOCKS5 127.0.0.1:9050
[2026-06-29 23:47:00] [INFO] Бот запущен
[2026-06-29 23:47:00] [INFO] Забанено: 0, Замьючено: 0
[2026-06-29 23:48:22] [INFO] Создаю клиент Telegram бота...
[2026-06-29 23:48:32] [INFO] Бот успешно запущен через Tor
[2026-06-29 23:48:32] [INFO] Прокси: SOCKS5 127.0.0.1:9050
[2026-06-29 23:48:32] [INFO] Бот запущен
[2026-06-29 23:48:32] [INFO] Забанено: 0, Замьючено: 0
[2026-06-29 23:49:54] [INFO] Создаю клиент Telegram бота...
[2026-06-29 23:50:05] [INFO] Бот успешно запущен через Tor
[2026-06-29 23:50:05] [INFO] Прокси: SOCKS5 127.0.0.1:9050
[2026-06-29 23:50:05] [INFO] Бот запущен
[2026-06-29 23:50:05] [INFO] Забанено: 0, Замьючено: 0
[2026-06-29 23:54:26] [INFO] Создаю клиент Telegram бота...
[2026-06-29 23:54:37] [INFO] Бот успешно запущен через Tor
[2026-06-29 23:54:37] [INFO] Прокси: SOCKS5 127.0.0.1:9050
[2026-06-29 23:54:37] [INFO] Бот запущен
[2026-06-29 23:54:37] [INFO] Забанено: 0, Замьючено: 0
[2026-06-29 23:55:28] [INFO] Создаю клиент Telegram бота...
[2026-06-29 23:55:39] [INFO] Бот успешно запущен через Tor
[2026-06-29 23:55:39] [INFO] Прокси: SOCKS5 127.0.0.1:9050
[2026-06-29 23:55:39] [INFO] Бот запущен
[2026-06-29 23:55:39] [INFO] Забанено: 0, Замьючено: 0
[2026-06-30 00:14:03] [INFO] Поисковый бот: 79099947715
